[ 2020-04-09T22:48:56+08:00 ] 223.104.48.73 /Login/register/mobile/mYZVaoFYZwb4.html?nsukey=mSHiLCDQ86Msro2p1%2Bfkvt%2BOd26vQPU7O3wTkq9fiYHB7ZZKkzrIa1Fj2%2BH4lv25Peg%2BnyeTEEMWIQ5TLlC1j7c1rOoFGfSccjQI0UXGe%2FLldNJtFdEgZmZzNDsHytADqk5XQkm1pH67h2DOeBa2BNNdgK1rv9PHF6yw0SzsALyvlU%2BInI0UUhMpdGKqObsp9z1lMw6v1wvwXa0aVjnO%2Fw%3D%3D
INFO: [ app_init ] --START--
INFO: Run Behavior\BuildLiteBehavior [ RunTime:0.000000s ]
INFO: [ app_init ] --END-- [ RunTime:0.000000s ]
INFO: [ app_begin ] --START--
INFO: Run Behavior\ReadHtmlCacheBehavior [ RunTime:0.002930s ]
INFO: Run Common\Behavior\CheckLangBehavior [ RunTime:0.005859s ]
INFO: [ app_begin ] --END-- [ RunTime:0.009766s ]
INFO: [ view_parse ] --START--
INFO: [ template_filter ] --START--
INFO: Run Behavior\ContentReplaceBehavior [ RunTime:0.000000s ]
INFO: [ template_filter ] --END-- [ RunTime:0.000000s ]
INFO: Run Behavior\ParseTemplateBehavior [ RunTime:0.015625s ]
INFO: [ view_parse ] --END-- [ RunTime:0.015625s ]
INFO: [ view_filter ] --START--
INFO: Run Behavior\WriteHtmlCacheBehavior [ RunTime:0.000000s ]
INFO: [ view_filter ] --END-- [ RunTime:0.000000s ]
INFO: [ app_end ] --START--
INFO: Run Behavior\ShowPageTraceBehavior [ RunTime:0.000000s ]
INFO: [ app_end ] --END-- [ RunTime:0.000000s ]

