[ 2020-04-04T22:31:34+08:00 ] 183.253.84.254 /Admin/Index/removeRuntime.html
INFO: [ app_init ] --START--
INFO: Run Behavior\BuildLiteBehavior [ RunTime:0.000000s ]
INFO: [ app_init ] --END-- [ RunTime:0.000000s ]
INFO: [ app_begin ] --START--
INFO: Run Behavior\ReadHtmlCacheBehavior [ RunTime:0.000000s ]
INFO: Run Common\Behavior\CheckLangBehavior [ RunTime:0.000000s ]
INFO: [ app_begin ] --END-- [ RunTime:0.000000s ]
NOTIC: [8] Use of undefined constant MODEL_INSERT - assumed 'MODEL_INSERT' D:\wwwroot\pf.xiangxin.me\ThinkPHP\Common\functions.php 第 588 行.
SQL: SHOW COLUMNS FROM `ysk_admin` [ RunTime:0.0156s ]
SQL: SHOW COLUMNS FROM `ysk_group` [ RunTime:0.0156s ]
SQL: SHOW COLUMNS FROM `ysk_menu` [ RunTime:0.0156s ]
SQL: SHOW COLUMNS FROM `ysk_admin` [ RunTime:0.0156s ]
SQL: SELECT `auth_id` FROM `ysk_admin` WHERE `id` = 1 LIMIT 1   [ RunTime:0.0000s ]
SQL: SELECT `pid`,`gid`,`name` FROM `ysk_menu` WHERE `col` = 'Index' AND `status` = 1 AND `level` = 2 LIMIT 1   [ RunTime:0.0000s ]
SQL: SELECT `name` FROM `ysk_menu` WHERE `id` = null LIMIT 1   [ RunTime:0.0000s ]
SQL: SELECT `name` FROM `ysk_menu` WHERE `id` = null LIMIT 1   [ RunTime:0.0000s ]
NOTIC: [8] Undefined index: gid D:\wwwroot\pf.xiangxin.me\APP\Admin\Controller\AdminController.class.php 第 56 行.
SQL: SELECT `auth_id` FROM `ysk_admin` WHERE `id` = 1 LIMIT 1   [ RunTime:0.0000s ]
SQL: SELECT * FROM `ysk_menu` WHERE `status` = 1 AND `level` = 1 AND `gid` = 1 ORDER BY sort asc, id asc  [ RunTime:0.0000s ]
SQL: SELECT * FROM `ysk_menu` WHERE `status` = 1 AND `level` = 2 AND `gid` = 1 ORDER BY sort asc, id asc  [ RunTime:0.0000s ]
SQL: SELECT `auth_id` FROM `ysk_admin` WHERE `id` = 1 LIMIT 1   [ RunTime:0.0000s ]
SQL: SELECT * FROM `ysk_menu` WHERE `status` = 1 AND `level` = 0 ORDER BY sort asc, id asc  [ RunTime:0.0000s ]
SQL: SELECT `col`,`act` FROM `ysk_menu` WHERE `level` = 2 AND `gid` = 1 ORDER BY sort asc, id asc LIMIT 1   [ RunTime:0.0000s ]
SQL: SELECT COUNT(1) AS tp_count FROM `ysk_menu` WHERE `col` = 'Index' AND `act` = 'removeRuntime' LIMIT 1   [ RunTime:0.0000s ]

[ 2020-04-04T22:31:36+08:00 ] 183.253.84.254 /Admin/Manage/index.html
INFO: [ app_init ] --START--
INFO: Run Behavior\BuildLiteBehavior [ RunTime:0.000000s ]
INFO: [ app_init ] --END-- [ RunTime:0.000000s ]
INFO: [ app_begin ] --START--
INFO: Run Behavior\ReadHtmlCacheBehavior [ RunTime:0.000000s ]
INFO: Run Common\Behavior\CheckLangBehavior [ RunTime:0.000000s ]
INFO: [ app_begin ] --END-- [ RunTime:0.000000s ]
NOTIC: [2048] Declaration of Admin\Controller\ManageController::setStatus() should be compatible with Admin\Controller\AdminController::setStatus($model = Admin\Controller\CONTROLLER_NAME, $script = false) D:\wwwroot\pf.xiangxin.me\APP\Admin\Controller\ManageController.class.php 第 18 行.
NOTIC: [8] Use of undefined constant MODEL_INSERT - assumed 'MODEL_INSERT' D:\wwwroot\pf.xiangxin.me\ThinkPHP\Common\functions.php 第 588 行.
SQL: SHOW COLUMNS FROM `ysk_admin` [ RunTime:0.0156s ]
SQL: SHOW COLUMNS FROM `ysk_group` [ RunTime:0.0000s ]
SQL: SHOW COLUMNS FROM `ysk_menu` [ RunTime:0.0156s ]
SQL: SHOW COLUMNS FROM `ysk_admin` [ RunTime:0.0156s ]
SQL: SELECT `auth_id` FROM `ysk_admin` WHERE `id` = 1 LIMIT 1   [ RunTime:0.0000s ]
SQL: SELECT `pid`,`gid`,`name` FROM `ysk_menu` WHERE `col` = 'Manage' AND `status` = 1 AND `level` = 2 LIMIT 1   [ RunTime:0.0000s ]
SQL: SELECT `name` FROM `ysk_menu` WHERE `id` = 3 LIMIT 1   [ RunTime:0.0000s ]
SQL: SELECT `name` FROM `ysk_menu` WHERE `id` = 1 LIMIT 1   [ RunTime:0.0000s ]
SQL: SELECT `auth_id` FROM `ysk_admin` WHERE `id` = 1 LIMIT 1   [ RunTime:0.0000s ]
SQL: SELECT * FROM `ysk_menu` WHERE `status` = 1 AND `level` = 1 AND `gid` = 1 ORDER BY sort asc, id asc  [ RunTime:0.0000s ]
SQL: SELECT * FROM `ysk_menu` WHERE `status` = 1 AND `level` = 2 AND `gid` = 1 ORDER BY sort asc, id asc  [ RunTime:0.0000s ]
SQL: SELECT `auth_id` FROM `ysk_admin` WHERE `id` = 1 LIMIT 1   [ RunTime:0.0000s ]
SQL: SELECT * FROM `ysk_menu` WHERE `status` = 1 AND `level` = 0 ORDER BY sort asc, id asc  [ RunTime:0.0000s ]
SQL: SELECT `col`,`act` FROM `ysk_menu` WHERE `level` = 2 AND `gid` = 1 ORDER BY sort asc, id asc LIMIT 1   [ RunTime:0.0000s ]
SQL: SELECT COUNT(1) AS tp_count FROM `ysk_menu` WHERE `col` = 'Manage' AND `act` = 'index' LIMIT 1   [ RunTime:0.0000s ]
SQL: SHOW COLUMNS FROM `ysk_admin` [ RunTime:0.0156s ]
SQL: SELECT COUNT(*) AS tp_count FROM ysk_admin a LEFT JOIN ysk_group b ON a.auth_id=b.id  WHERE ( a.id LIKE '%%' OR a.username LIKE '%%' OR a.nickname LIKE '%%' ) AND a.status >= '0' LIMIT 1   [ RunTime:0.0000s ]
SQL: SELECT a.*,b.title FROM ysk_admin a LEFT JOIN ysk_group b ON a.auth_id=b.id  WHERE ( a.id LIKE '%%' OR a.username LIKE '%%' OR a.nickname LIKE '%%' ) AND a.status >= '0' ORDER BY a.id asc LIMIT 0,10   [ RunTime:0.0000s ]
INFO: [ view_parse ] --START--
INFO: [ template_filter ] --START--
INFO: Run Behavior\ContentReplaceBehavior [ RunTime:0.000000s ]
INFO: [ template_filter ] --END-- [ RunTime:0.000000s ]
NOTIC: [8] Undefined variable: _user_auth D:\wwwroot\pf.xiangxin.me\APP\Runtime\Cache\Admin\c1ede60b55201a0b9bde0a1d80bd4955.php 第 73 行.
NOTIC: [8] Use of undefined constant resume - assumed 'resume' D:\wwwroot\pf.xiangxin.me\APP\Runtime\Cache\Admin\c1ede60b55201a0b9bde0a1d80bd4955.php 第 145 行.
NOTIC: [8] Use of undefined constant Manage - assumed 'Manage' D:\wwwroot\pf.xiangxin.me\APP\Runtime\Cache\Admin\c1ede60b55201a0b9bde0a1d80bd4955.php 第 145 行.
NOTIC: [8] Use of undefined constant forbid - assumed 'forbid' D:\wwwroot\pf.xiangxin.me\APP\Runtime\Cache\Admin\c1ede60b55201a0b9bde0a1d80bd4955.php 第 146 行.
NOTIC: [8] Use of undefined constant Manage - assumed 'Manage' D:\wwwroot\pf.xiangxin.me\APP\Runtime\Cache\Admin\c1ede60b55201a0b9bde0a1d80bd4955.php 第 146 行.
NOTIC: [8] Use of undefined constant delete - assumed 'delete' D:\wwwroot\pf.xiangxin.me\APP\Runtime\Cache\Admin\c1ede60b55201a0b9bde0a1d80bd4955.php 第 147 行.
NOTIC: [8] Use of undefined constant Manage - assumed 'Manage' D:\wwwroot\pf.xiangxin.me\APP\Runtime\Cache\Admin\c1ede60b55201a0b9bde0a1d80bd4955.php 第 147 行.
NOTIC: [8] Undefined index: keyword D:\wwwroot\pf.xiangxin.me\APP\Runtime\Cache\Admin\c1ede60b55201a0b9bde0a1d80bd4955.php 第 156 行.
NOTIC: [8] Use of undefined constant forbid - assumed 'forbid' D:\wwwroot\pf.xiangxin.me\APP\Runtime\Cache\Admin\c1ede60b55201a0b9bde0a1d80bd4955.php 第 203 行.
NOTIC: [8] Use of undefined constant delete - assumed 'delete' D:\wwwroot\pf.xiangxin.me\APP\Runtime\Cache\Admin\c1ede60b55201a0b9bde0a1d80bd4955.php 第 207 行.
INFO: Run Behavior\ParseTemplateBehavior [ RunTime:0.046875s ]
INFO: [ view_parse ] --END-- [ RunTime:0.046875s ]
INFO: [ view_filter ] --START--
INFO: Run Behavior\WriteHtmlCacheBehavior [ RunTime:0.000000s ]
INFO: [ view_filter ] --END-- [ RunTime:0.000000s ]
INFO: [ app_end ] --START--
INFO: Run Behavior\ShowPageTraceBehavior [ RunTime:0.000000s ]
INFO: [ app_end ] --END-- [ RunTime:0.000000s ]

[ 2020-04-04T22:31:41+08:00 ] 42.236.10.84 /Admin/Manage/index.html
INFO: [ app_init ] --START--
INFO: Run Behavior\BuildLiteBehavior [ RunTime:0.000000s ]
INFO: [ app_init ] --END-- [ RunTime:0.000000s ]
INFO: [ app_begin ] --START--
INFO: Run Behavior\ReadHtmlCacheBehavior [ RunTime:0.000000s ]
INFO: Run Common\Behavior\CheckLangBehavior [ RunTime:0.000000s ]
INFO: [ app_begin ] --END-- [ RunTime:0.000000s ]
NOTIC: [2048] Declaration of Admin\Controller\ManageController::setStatus() should be compatible with Admin\Controller\AdminController::setStatus($model = Admin\Controller\CONTROLLER_NAME, $script = false) D:\wwwroot\pf.xiangxin.me\APP\Admin\Controller\ManageController.class.php 第 18 行.
NOTIC: [8] Use of undefined constant MODEL_INSERT - assumed 'MODEL_INSERT' D:\wwwroot\pf.xiangxin.me\ThinkPHP\Common\functions.php 第 588 行.
SQL: SHOW COLUMNS FROM `ysk_admin` [ RunTime:0.0000s ]

[ 2020-04-04T22:31:41+08:00 ] 42.236.10.84 /Admin/Pubss/login.html
INFO: [ app_init ] --START--
INFO: Run Behavior\BuildLiteBehavior [ RunTime:0.000000s ]
INFO: [ app_init ] --END-- [ RunTime:0.000000s ]
INFO: [ app_begin ] --START--
INFO: Run Behavior\ReadHtmlCacheBehavior [ RunTime:0.000000s ]
INFO: Run Common\Behavior\CheckLangBehavior [ RunTime:0.000000s ]
INFO: [ app_begin ] --END-- [ RunTime:0.000000s ]
INFO: [ view_parse ] --START--
INFO: [ template_filter ] --START--
INFO: Run Behavior\ContentReplaceBehavior [ RunTime:0.000000s ]
INFO: [ template_filter ] --END-- [ RunTime:0.000000s ]
INFO: Run Behavior\ParseTemplateBehavior [ RunTime:0.031250s ]
INFO: [ view_parse ] --END-- [ RunTime:0.031250s ]
INFO: [ view_filter ] --START--
INFO: Run Behavior\WriteHtmlCacheBehavior [ RunTime:0.000000s ]
INFO: [ view_filter ] --END-- [ RunTime:0.000000s ]
INFO: [ app_end ] --START--
INFO: Run Behavior\ShowPageTraceBehavior [ RunTime:0.000000s ]
INFO: [ app_end ] --END-- [ RunTime:0.000000s ]

[ 2020-04-04T22:31:42+08:00 ] 42.236.10.75 /Admin/Manage/index.html
INFO: [ app_init ] --START--
INFO: Run Behavior\BuildLiteBehavior [ RunTime:0.000000s ]
INFO: [ app_init ] --END-- [ RunTime:0.000000s ]
INFO: [ app_begin ] --START--
INFO: Run Behavior\ReadHtmlCacheBehavior [ RunTime:0.000000s ]
INFO: Run Common\Behavior\CheckLangBehavior [ RunTime:0.015625s ]
INFO: [ app_begin ] --END-- [ RunTime:0.015625s ]
NOTIC: [2048] Declaration of Admin\Controller\ManageController::setStatus() should be compatible with Admin\Controller\AdminController::setStatus($model = Admin\Controller\CONTROLLER_NAME, $script = false) D:\wwwroot\pf.xiangxin.me\APP\Admin\Controller\ManageController.class.php 第 18 行.
NOTIC: [8] Use of undefined constant MODEL_INSERT - assumed 'MODEL_INSERT' D:\wwwroot\pf.xiangxin.me\ThinkPHP\Common\functions.php 第 588 行.
SQL: SHOW COLUMNS FROM `ysk_admin` [ RunTime:0.0322s ]

[ 2020-04-04T22:31:43+08:00 ] 42.236.10.75 /Admin/Pubss/login.html
INFO: [ app_init ] --START--
INFO: Run Behavior\BuildLiteBehavior [ RunTime:0.000000s ]
INFO: [ app_init ] --END-- [ RunTime:0.000000s ]
INFO: [ app_begin ] --START--
INFO: Run Behavior\ReadHtmlCacheBehavior [ RunTime:0.015625s ]
INFO: Run Common\Behavior\CheckLangBehavior [ RunTime:0.000000s ]
INFO: [ app_begin ] --END-- [ RunTime:0.015625s ]
INFO: [ view_parse ] --START--
INFO: [ template_filter ] --START--
INFO: Run Behavior\ContentReplaceBehavior [ RunTime:0.000000s ]
INFO: [ template_filter ] --END-- [ RunTime:0.000000s ]
INFO: Run Behavior\ParseTemplateBehavior [ RunTime:0.015625s ]
INFO: [ view_parse ] --END-- [ RunTime:0.015625s ]
INFO: [ view_filter ] --START--
INFO: Run Behavior\WriteHtmlCacheBehavior [ RunTime:0.000000s ]
INFO: [ view_filter ] --END-- [ RunTime:0.000000s ]
INFO: [ app_end ] --START--
INFO: Run Behavior\ShowPageTraceBehavior [ RunTime:0.000000s ]
INFO: [ app_end ] --END-- [ RunTime:0.000000s ]

[ 2020-04-04T22:31:47+08:00 ] 183.253.84.254 /Admin/Manage/setStatus/status/delete/model/Manage.html
INFO: [ app_init ] --START--
INFO: Run Behavior\BuildLiteBehavior [ RunTime:0.000000s ]
INFO: [ app_init ] --END-- [ RunTime:0.000000s ]
INFO: [ app_begin ] --START--
INFO: Run Behavior\ReadHtmlCacheBehavior [ RunTime:0.000000s ]
INFO: Run Common\Behavior\CheckLangBehavior [ RunTime:0.000000s ]
INFO: [ app_begin ] --END-- [ RunTime:0.000000s ]
NOTIC: [2048] Declaration of Admin\Controller\ManageController::setStatus() should be compatible with Admin\Controller\AdminController::setStatus($model = Admin\Controller\CONTROLLER_NAME, $script = false) D:\wwwroot\pf.xiangxin.me\APP\Admin\Controller\ManageController.class.php 第 18 行.
NOTIC: [8] Use of undefined constant MODEL_INSERT - assumed 'MODEL_INSERT' D:\wwwroot\pf.xiangxin.me\ThinkPHP\Common\functions.php 第 588 行.
SQL: SHOW COLUMNS FROM `ysk_admin` [ RunTime:0.0166s ]
SQL: SHOW COLUMNS FROM `ysk_group` [ RunTime:0.0000s ]
SQL: SHOW COLUMNS FROM `ysk_menu` [ RunTime:0.0000s ]
SQL: SHOW COLUMNS FROM `ysk_admin` [ RunTime:0.0156s ]
SQL: SELECT `auth_id` FROM `ysk_admin` WHERE `id` = 1 LIMIT 1   [ RunTime:0.0000s ]
SQL: SELECT `pid`,`gid`,`name` FROM `ysk_menu` WHERE `col` = 'Manage' AND `status` = 1 AND `level` = 2 LIMIT 1   [ RunTime:0.0000s ]
SQL: SELECT `name` FROM `ysk_menu` WHERE `id` = 3 LIMIT 1   [ RunTime:0.0000s ]
SQL: SELECT `name` FROM `ysk_menu` WHERE `id` = 1 LIMIT 1   [ RunTime:0.0000s ]
SQL: SELECT `auth_id` FROM `ysk_admin` WHERE `id` = 1 LIMIT 1   [ RunTime:0.0000s ]
SQL: SELECT * FROM `ysk_menu` WHERE `status` = 1 AND `level` = 1 AND `gid` = 1 ORDER BY sort asc, id asc  [ RunTime:0.0000s ]
SQL: SELECT * FROM `ysk_menu` WHERE `status` = 1 AND `level` = 2 AND `gid` = 1 ORDER BY sort asc, id asc  [ RunTime:0.0000s ]
SQL: SELECT `auth_id` FROM `ysk_admin` WHERE `id` = 1 LIMIT 1   [ RunTime:0.0000s ]
SQL: SELECT * FROM `ysk_menu` WHERE `status` = 1 AND `level` = 0 ORDER BY sort asc, id asc  [ RunTime:0.0000s ]
SQL: SELECT `col`,`act` FROM `ysk_menu` WHERE `level` = 2 AND `gid` = 1 ORDER BY sort asc, id asc LIMIT 1   [ RunTime:0.0000s ]
SQL: SELECT COUNT(1) AS tp_count FROM `ysk_menu` WHERE `col` = 'Manage' AND `act` = 'setStatus' LIMIT 1   [ RunTime:0.0000s ]
SQL: SHOW COLUMNS FROM `ysk_admin` [ RunTime:0.0156s ]
SQL: DELETE FROM `ysk_admin` WHERE `id` IN ('3') [ RunTime:0.0000s ]

[ 2020-04-04T22:31:49+08:00 ] 183.253.84.254 /Admin/Manage/index.html
INFO: [ app_init ] --START--
INFO: Run Behavior\BuildLiteBehavior [ RunTime:0.000000s ]
INFO: [ app_init ] --END-- [ RunTime:0.000000s ]
INFO: [ app_begin ] --START--
INFO: Run Behavior\ReadHtmlCacheBehavior [ RunTime:0.000000s ]
INFO: Run Common\Behavior\CheckLangBehavior [ RunTime:0.000000s ]
INFO: [ app_begin ] --END-- [ RunTime:0.000000s ]
NOTIC: [2048] Declaration of Admin\Controller\ManageController::setStatus() should be compatible with Admin\Controller\AdminController::setStatus($model = Admin\Controller\CONTROLLER_NAME, $script = false) D:\wwwroot\pf.xiangxin.me\APP\Admin\Controller\ManageController.class.php 第 18 行.
NOTIC: [8] Use of undefined constant MODEL_INSERT - assumed 'MODEL_INSERT' D:\wwwroot\pf.xiangxin.me\ThinkPHP\Common\functions.php 第 588 行.
SQL: SHOW COLUMNS FROM `ysk_admin` [ RunTime:0.0156s ]
SQL: SHOW COLUMNS FROM `ysk_group` [ RunTime:0.0156s ]
SQL: SHOW COLUMNS FROM `ysk_menu` [ RunTime:0.0195s ]
SQL: SHOW COLUMNS FROM `ysk_admin` [ RunTime:0.0010s ]
SQL: SELECT `auth_id` FROM `ysk_admin` WHERE `id` = 1 LIMIT 1   [ RunTime:0.0313s ]
SQL: SELECT `pid`,`gid`,`name` FROM `ysk_menu` WHERE `col` = 'Manage' AND `status` = 1 AND `level` = 2 LIMIT 1   [ RunTime:0.0000s ]
SQL: SELECT `name` FROM `ysk_menu` WHERE `id` = 3 LIMIT 1   [ RunTime:0.0000s ]
SQL: SELECT `name` FROM `ysk_menu` WHERE `id` = 1 LIMIT 1   [ RunTime:0.0000s ]
SQL: SELECT `auth_id` FROM `ysk_admin` WHERE `id` = 1 LIMIT 1   [ RunTime:0.0000s ]
SQL: SELECT * FROM `ysk_menu` WHERE `status` = 1 AND `level` = 1 AND `gid` = 1 ORDER BY sort asc, id asc  [ RunTime:0.0000s ]
SQL: SELECT * FROM `ysk_menu` WHERE `status` = 1 AND `level` = 2 AND `gid` = 1 ORDER BY sort asc, id asc  [ RunTime:0.0000s ]
SQL: SELECT `auth_id` FROM `ysk_admin` WHERE `id` = 1 LIMIT 1   [ RunTime:0.0000s ]
SQL: SELECT * FROM `ysk_menu` WHERE `status` = 1 AND `level` = 0 ORDER BY sort asc, id asc  [ RunTime:0.0000s ]
SQL: SELECT `col`,`act` FROM `ysk_menu` WHERE `level` = 2 AND `gid` = 1 ORDER BY sort asc, id asc LIMIT 1   [ RunTime:0.0000s ]
SQL: SELECT COUNT(1) AS tp_count FROM `ysk_menu` WHERE `col` = 'Manage' AND `act` = 'index' LIMIT 1   [ RunTime:0.0000s ]
SQL: SHOW COLUMNS FROM `ysk_admin` [ RunTime:0.0156s ]
SQL: SELECT COUNT(*) AS tp_count FROM ysk_admin a LEFT JOIN ysk_group b ON a.auth_id=b.id  WHERE ( a.id LIKE '%%' OR a.username LIKE '%%' OR a.nickname LIKE '%%' ) AND a.status >= '0' LIMIT 1   [ RunTime:0.0000s ]
SQL: SELECT a.*,b.title FROM ysk_admin a LEFT JOIN ysk_group b ON a.auth_id=b.id  WHERE ( a.id LIKE '%%' OR a.username LIKE '%%' OR a.nickname LIKE '%%' ) AND a.status >= '0' ORDER BY a.id asc LIMIT 0,10   [ RunTime:0.0000s ]
INFO: [ view_parse ] --START--
INFO: [ template_filter ] --START--
INFO: Run Behavior\ContentReplaceBehavior [ RunTime:0.000000s ]
INFO: [ template_filter ] --END-- [ RunTime:0.000000s ]
NOTIC: [8] Undefined variable: _user_auth D:\wwwroot\pf.xiangxin.me\APP\Runtime\Cache\Admin\c1ede60b55201a0b9bde0a1d80bd4955.php 第 73 行.
NOTIC: [8] Use of undefined constant resume - assumed 'resume' D:\wwwroot\pf.xiangxin.me\APP\Runtime\Cache\Admin\c1ede60b55201a0b9bde0a1d80bd4955.php 第 145 行.
NOTIC: [8] Use of undefined constant Manage - assumed 'Manage' D:\wwwroot\pf.xiangxin.me\APP\Runtime\Cache\Admin\c1ede60b55201a0b9bde0a1d80bd4955.php 第 145 行.
NOTIC: [8] Use of undefined constant forbid - assumed 'forbid' D:\wwwroot\pf.xiangxin.me\APP\Runtime\Cache\Admin\c1ede60b55201a0b9bde0a1d80bd4955.php 第 146 行.
NOTIC: [8] Use of undefined constant Manage - assumed 'Manage' D:\wwwroot\pf.xiangxin.me\APP\Runtime\Cache\Admin\c1ede60b55201a0b9bde0a1d80bd4955.php 第 146 行.
NOTIC: [8] Use of undefined constant delete - assumed 'delete' D:\wwwroot\pf.xiangxin.me\APP\Runtime\Cache\Admin\c1ede60b55201a0b9bde0a1d80bd4955.php 第 147 行.
NOTIC: [8] Use of undefined constant Manage - assumed 'Manage' D:\wwwroot\pf.xiangxin.me\APP\Runtime\Cache\Admin\c1ede60b55201a0b9bde0a1d80bd4955.php 第 147 行.
NOTIC: [8] Undefined index: keyword D:\wwwroot\pf.xiangxin.me\APP\Runtime\Cache\Admin\c1ede60b55201a0b9bde0a1d80bd4955.php 第 156 行.
INFO: Run Behavior\ParseTemplateBehavior [ RunTime:0.046875s ]
INFO: [ view_parse ] --END-- [ RunTime:0.046875s ]
INFO: [ view_filter ] --START--
INFO: Run Behavior\WriteHtmlCacheBehavior [ RunTime:0.000000s ]
INFO: [ view_filter ] --END-- [ RunTime:0.000000s ]
INFO: [ app_end ] --START--
INFO: Run Behavior\ShowPageTraceBehavior [ RunTime:0.015625s ]
INFO: [ app_end ] --END-- [ RunTime:0.015625s ]

[ 2020-04-04T22:32:47+08:00 ] 183.253.84.254 /Admin/User/bankcard.html
INFO: [ app_init ] --START--
INFO: Run Behavior\BuildLiteBehavior [ RunTime:0.000000s ]
INFO: [ app_init ] --END-- [ RunTime:0.000000s ]
INFO: [ app_begin ] --START--
INFO: Run Behavior\ReadHtmlCacheBehavior [ RunTime:0.000000s ]
INFO: Run Common\Behavior\CheckLangBehavior [ RunTime:0.015625s ]
INFO: [ app_begin ] --END-- [ RunTime:0.015625s ]
NOTIC: [2048] Declaration of Admin\Controller\UserController::setStatus() should be compatible with Admin\Controller\AdminController::setStatus($model = Admin\Controller\CONTROLLER_NAME, $script = false) D:\wwwroot\pf.xiangxin.me\APP\Admin\Controller\UserController.class.php 第 11 行.
NOTIC: [8] Use of undefined constant MODEL_INSERT - assumed 'MODEL_INSERT' D:\wwwroot\pf.xiangxin.me\ThinkPHP\Common\functions.php 第 588 行.
SQL: SHOW COLUMNS FROM `ysk_admin` [ RunTime:0.0000s ]
SQL: SHOW COLUMNS FROM `ysk_group` [ RunTime:0.0156s ]
SQL: SHOW COLUMNS FROM `ysk_menu` [ RunTime:0.0156s ]
SQL: SHOW COLUMNS FROM `ysk_admin` [ RunTime:0.0000s ]
SQL: SELECT `auth_id` FROM `ysk_admin` WHERE `id` = 1 LIMIT 1   [ RunTime:0.0000s ]
SQL: SELECT `pid`,`gid`,`name` FROM `ysk_menu` WHERE `col` = 'User' AND `status` = 1 AND `level` = 2 LIMIT 1   [ RunTime:0.0000s ]
SQL: SELECT `name` FROM `ysk_menu` WHERE `id` = 7 LIMIT 1   [ RunTime:0.0000s ]
SQL: SELECT `name` FROM `ysk_menu` WHERE `id` = 1 LIMIT 1   [ RunTime:0.0000s ]
SQL: SELECT `auth_id` FROM `ysk_admin` WHERE `id` = 1 LIMIT 1   [ RunTime:0.0000s ]
SQL: SELECT * FROM `ysk_menu` WHERE `status` = 1 AND `level` = 1 AND `gid` = 1 ORDER BY sort asc, id asc  [ RunTime:0.0000s ]
SQL: SELECT * FROM `ysk_menu` WHERE `status` = 1 AND `level` = 2 AND `gid` = 1 ORDER BY sort asc, id asc  [ RunTime:0.0000s ]
SQL: SELECT `auth_id` FROM `ysk_admin` WHERE `id` = 1 LIMIT 1   [ RunTime:0.0000s ]
SQL: SELECT * FROM `ysk_menu` WHERE `status` = 1 AND `level` = 0 ORDER BY sort asc, id asc  [ RunTime:0.0000s ]
SQL: SELECT `col`,`act` FROM `ysk_menu` WHERE `level` = 2 AND `gid` = 1 ORDER BY sort asc, id asc LIMIT 1   [ RunTime:0.0000s ]
SQL: SELECT COUNT(1) AS tp_count FROM `ysk_menu` WHERE `col` = 'User' AND `act` = 'bankcard' LIMIT 1   [ RunTime:0.0000s ]
SQL: SHOW COLUMNS FROM `ysk_bankcard` [ RunTime:0.0000s ]
SQL: SELECT COUNT(*) AS tp_count FROM `ysk_bankcard` LIMIT 1   [ RunTime:0.0000s ]
SQL: SELECT * FROM `ysk_bankcard` ORDER BY id desc LIMIT 0,50   [ RunTime:0.0000s ]
INFO: [ view_parse ] --START--
INFO: [ template_filter ] --START--
INFO: Run Behavior\ContentReplaceBehavior [ RunTime:0.000000s ]
INFO: [ template_filter ] --END-- [ RunTime:0.000000s ]
NOTIC: [8] Undefined variable: _user_auth D:\wwwroot\pf.xiangxin.me\APP\Runtime\Cache\Admin\c17ee00ea4af0522c1ce33ae29fcfb41.php 第 75 行.
NOTIC: [8] Undefined index: keyword D:\wwwroot\pf.xiangxin.me\APP\Runtime\Cache\Admin\c17ee00ea4af0522c1ce33ae29fcfb41.php 第 157 行.
SQL: SHOW COLUMNS FROM `ysk_user` [ RunTime:0.0156s ]
SQL: SELECT * FROM `ysk_user` WHERE `userid` = 51 LIMIT 1   [ RunTime:0.0000s ]
SQL: SELECT * FROM `ysk_user` WHERE `userid` = 51 LIMIT 1   [ RunTime:0.0000s ]
SQL: SELECT * FROM `ysk_user` WHERE `userid` = 50 LIMIT 1   [ RunTime:0.0000s ]
SQL: SELECT * FROM `ysk_user` WHERE `userid` = 50 LIMIT 1   [ RunTime:0.0000s ]
INFO: Run Behavior\ParseTemplateBehavior [ RunTime:0.062500s ]
INFO: [ view_parse ] --END-- [ RunTime:0.062500s ]
INFO: [ view_filter ] --START--
INFO: Run Behavior\WriteHtmlCacheBehavior [ RunTime:0.000000s ]
INFO: [ view_filter ] --END-- [ RunTime:0.000000s ]
INFO: [ app_end ] --START--
INFO: Run Behavior\ShowPageTraceBehavior [ RunTime:0.000000s ]
INFO: [ app_end ] --END-- [ RunTime:0.000000s ]

[ 2020-04-04T22:32:49+08:00 ] 183.253.84.254 /Admin/News/index.html
INFO: [ app_init ] --START--
INFO: Run Behavior\BuildLiteBehavior [ RunTime:0.000000s ]
INFO: [ app_init ] --END-- [ RunTime:0.000000s ]
INFO: [ app_begin ] --START--
INFO: Run Behavior\ReadHtmlCacheBehavior [ RunTime:0.000000s ]
INFO: Run Common\Behavior\CheckLangBehavior [ RunTime:0.000000s ]
INFO: [ app_begin ] --END-- [ RunTime:0.000000s ]
NOTIC: [2048] Declaration of Admin\Controller\NewsController::setStatus() should be compatible with Admin\Controller\AdminController::setStatus($model = Admin\Controller\CONTROLLER_NAME, $script = false) D:\wwwroot\pf.xiangxin.me\APP\Admin\Controller\NewsController.class.php 第 12 行.
NOTIC: [8] Use of undefined constant MODEL_INSERT - assumed 'MODEL_INSERT' D:\wwwroot\pf.xiangxin.me\ThinkPHP\Common\functions.php 第 588 行.
SQL: SHOW COLUMNS FROM `ysk_admin` [ RunTime:0.0000s ]
SQL: SHOW COLUMNS FROM `ysk_group` [ RunTime:0.0156s ]
SQL: SHOW COLUMNS FROM `ysk_menu` [ RunTime:0.0000s ]
SQL: SHOW COLUMNS FROM `ysk_admin` [ RunTime:0.0313s ]
SQL: SELECT `auth_id` FROM `ysk_admin` WHERE `id` = 1 LIMIT 1   [ RunTime:0.0000s ]
SQL: SELECT `pid`,`gid`,`name` FROM `ysk_menu` WHERE `col` = 'News' AND `status` = 1 AND `level` = 2 LIMIT 1   [ RunTime:0.0000s ]
SQL: SELECT `name` FROM `ysk_menu` WHERE `id` = 3 LIMIT 1   [ RunTime:0.0000s ]
SQL: SELECT `name` FROM `ysk_menu` WHERE `id` = 1 LIMIT 1   [ RunTime:0.0000s ]
SQL: SELECT `auth_id` FROM `ysk_admin` WHERE `id` = 1 LIMIT 1   [ RunTime:0.0000s ]
SQL: SELECT * FROM `ysk_menu` WHERE `status` = 1 AND `level` = 1 AND `gid` = 1 ORDER BY sort asc, id asc  [ RunTime:0.0000s ]
SQL: SELECT * FROM `ysk_menu` WHERE `status` = 1 AND `level` = 2 AND `gid` = 1 ORDER BY sort asc, id asc  [ RunTime:0.0000s ]
SQL: SELECT `auth_id` FROM `ysk_admin` WHERE `id` = 1 LIMIT 1   [ RunTime:0.0000s ]
SQL: SELECT * FROM `ysk_menu` WHERE `status` = 1 AND `level` = 0 ORDER BY sort asc, id asc  [ RunTime:0.0000s ]
SQL: SELECT `col`,`act` FROM `ysk_menu` WHERE `level` = 2 AND `gid` = 1 ORDER BY sort asc, id asc LIMIT 1   [ RunTime:0.0000s ]
SQL: SELECT COUNT(1) AS tp_count FROM `ysk_menu` WHERE `col` = 'News' AND `act` = 'index' LIMIT 1   [ RunTime:0.0000s ]
SQL: SHOW COLUMNS FROM `ysk_news` [ RunTime:0.0156s ]
SQL: SELECT COUNT(*) AS tp_count FROM `ysk_news` LIMIT 1   [ RunTime:0.0000s ]
SQL: SELECT * FROM `ysk_news` ORDER BY id desc LIMIT 0,10   [ RunTime:0.0000s ]
INFO: [ view_parse ] --START--
INFO: [ template_filter ] --START--
INFO: Run Behavior\ContentReplaceBehavior [ RunTime:0.000000s ]
INFO: [ template_filter ] --END-- [ RunTime:0.000000s ]
NOTIC: [8] Undefined variable: _user_auth D:\wwwroot\pf.xiangxin.me\APP\Runtime\Cache\Admin\e9c970ee12eba77fb02c51df4a86fdc6.php 第 73 行.
INFO: Run Behavior\ParseTemplateBehavior [ RunTime:0.046875s ]
INFO: [ view_parse ] --END-- [ RunTime:0.046875s ]
INFO: [ view_filter ] --START--
INFO: Run Behavior\WriteHtmlCacheBehavior [ RunTime:0.000000s ]
INFO: [ view_filter ] --END-- [ RunTime:0.000000s ]
INFO: [ app_end ] --START--
INFO: Run Behavior\ShowPageTraceBehavior [ RunTime:0.000000s ]
INFO: [ app_end ] --END-- [ RunTime:0.000000s ]

[ 2020-04-04T22:32:51+08:00 ] 180.163.220.5 /Admin/User/bankcard.html
INFO: [ app_init ] --START--
INFO: Run Behavior\BuildLiteBehavior [ RunTime:0.000000s ]
INFO: [ app_init ] --END-- [ RunTime:0.000000s ]
INFO: [ app_begin ] --START--
INFO: Run Behavior\ReadHtmlCacheBehavior [ RunTime:0.004883s ]
INFO: Run Common\Behavior\CheckLangBehavior [ RunTime:0.000976s ]
INFO: [ app_begin ] --END-- [ RunTime:0.005859s ]
NOTIC: [2048] Declaration of Admin\Controller\UserController::setStatus() should be compatible with Admin\Controller\AdminController::setStatus($model = Admin\Controller\CONTROLLER_NAME, $script = false) D:\wwwroot\pf.xiangxin.me\APP\Admin\Controller\UserController.class.php 第 11 行.
NOTIC: [8] Use of undefined constant MODEL_INSERT - assumed 'MODEL_INSERT' D:\wwwroot\pf.xiangxin.me\ThinkPHP\Common\functions.php 第 588 行.
SQL: SHOW COLUMNS FROM `ysk_admin` [ RunTime:0.0000s ]

[ 2020-04-04T22:32:51+08:00 ] 42.236.10.84 /Admin/User/bankcard.html
INFO: [ app_init ] --START--
INFO: Run Behavior\BuildLiteBehavior [ RunTime:0.000000s ]
INFO: [ app_init ] --END-- [ RunTime:0.000000s ]
INFO: [ app_begin ] --START--
INFO: Run Behavior\ReadHtmlCacheBehavior [ RunTime:0.000000s ]
INFO: Run Common\Behavior\CheckLangBehavior [ RunTime:0.000000s ]
INFO: [ app_begin ] --END-- [ RunTime:0.000000s ]
NOTIC: [2048] Declaration of Admin\Controller\UserController::setStatus() should be compatible with Admin\Controller\AdminController::setStatus($model = Admin\Controller\CONTROLLER_NAME, $script = false) D:\wwwroot\pf.xiangxin.me\APP\Admin\Controller\UserController.class.php 第 11 行.
NOTIC: [8] Use of undefined constant MODEL_INSERT - assumed 'MODEL_INSERT' D:\wwwroot\pf.xiangxin.me\ThinkPHP\Common\functions.php 第 588 行.
SQL: SHOW COLUMNS FROM `ysk_admin` [ RunTime:0.0000s ]

[ 2020-04-04T22:32:51+08:00 ] 180.163.220.5 /Admin/Pubss/login.html
INFO: [ app_init ] --START--
INFO: Run Behavior\BuildLiteBehavior [ RunTime:0.000000s ]
INFO: [ app_init ] --END-- [ RunTime:0.000000s ]
INFO: [ app_begin ] --START--
INFO: Run Behavior\ReadHtmlCacheBehavior [ RunTime:0.000000s ]
INFO: Run Common\Behavior\CheckLangBehavior [ RunTime:0.000000s ]
INFO: [ app_begin ] --END-- [ RunTime:0.000000s ]
INFO: [ view_parse ] --START--
INFO: [ template_filter ] --START--
INFO: Run Behavior\ContentReplaceBehavior [ RunTime:0.000000s ]
INFO: [ template_filter ] --END-- [ RunTime:0.000000s ]
INFO: Run Behavior\ParseTemplateBehavior [ RunTime:0.031250s ]
INFO: [ view_parse ] --END-- [ RunTime:0.031250s ]
INFO: [ view_filter ] --START--
INFO: Run Behavior\WriteHtmlCacheBehavior [ RunTime:0.000000s ]
INFO: [ view_filter ] --END-- [ RunTime:0.000000s ]
INFO: [ app_end ] --START--
INFO: Run Behavior\ShowPageTraceBehavior [ RunTime:0.000000s ]
INFO: [ app_end ] --END-- [ RunTime:0.000000s ]

[ 2020-04-04T22:32:51+08:00 ] 42.236.10.117 /Admin/User/bankcard.html
INFO: [ app_init ] --START--
INFO: Run Behavior\BuildLiteBehavior [ RunTime:0.000000s ]
INFO: [ app_init ] --END-- [ RunTime:0.000000s ]
INFO: [ app_begin ] --START--
INFO: Run Behavior\ReadHtmlCacheBehavior [ RunTime:0.000000s ]
INFO: Run Common\Behavior\CheckLangBehavior [ RunTime:0.000000s ]
INFO: [ app_begin ] --END-- [ RunTime:0.000000s ]
NOTIC: [2048] Declaration of Admin\Controller\UserController::setStatus() should be compatible with Admin\Controller\AdminController::setStatus($model = Admin\Controller\CONTROLLER_NAME, $script = false) D:\wwwroot\pf.xiangxin.me\APP\Admin\Controller\UserController.class.php 第 11 行.
NOTIC: [8] Use of undefined constant MODEL_INSERT - assumed 'MODEL_INSERT' D:\wwwroot\pf.xiangxin.me\ThinkPHP\Common\functions.php 第 588 行.
SQL: SHOW COLUMNS FROM `ysk_admin` [ RunTime:0.0000s ]

[ 2020-04-04T22:32:52+08:00 ] 42.236.10.117 /Admin/Pubss/login.html
INFO: [ app_init ] --START--
INFO: Run Behavior\BuildLiteBehavior [ RunTime:0.000000s ]
INFO: [ app_init ] --END-- [ RunTime:0.000000s ]
INFO: [ app_begin ] --START--
INFO: Run Behavior\ReadHtmlCacheBehavior [ RunTime:0.000000s ]
INFO: Run Common\Behavior\CheckLangBehavior [ RunTime:0.000000s ]
INFO: [ app_begin ] --END-- [ RunTime:0.000000s ]
INFO: [ view_parse ] --START--
INFO: [ template_filter ] --START--
INFO: Run Behavior\ContentReplaceBehavior [ RunTime:0.000000s ]
INFO: [ template_filter ] --END-- [ RunTime:0.000000s ]
INFO: Run Behavior\ParseTemplateBehavior [ RunTime:0.015625s ]
INFO: [ view_parse ] --END-- [ RunTime:0.015625s ]
INFO: [ view_filter ] --START--
INFO: Run Behavior\WriteHtmlCacheBehavior [ RunTime:0.000000s ]
INFO: [ view_filter ] --END-- [ RunTime:0.000000s ]
INFO: [ app_end ] --START--
INFO: Run Behavior\ShowPageTraceBehavior [ RunTime:0.000000s ]
INFO: [ app_end ] --END-- [ RunTime:0.000000s ]

[ 2020-04-04T22:32:53+08:00 ] 42.236.10.93 /Admin/News/index.html
INFO: [ app_init ] --START--
INFO: Run Behavior\BuildLiteBehavior [ RunTime:0.000000s ]
INFO: [ app_init ] --END-- [ RunTime:0.000000s ]
INFO: [ app_begin ] --START--
INFO: Run Behavior\ReadHtmlCacheBehavior [ RunTime:0.000000s ]
INFO: Run Common\Behavior\CheckLangBehavior [ RunTime:0.015625s ]
INFO: [ app_begin ] --END-- [ RunTime:0.015625s ]
NOTIC: [2048] Declaration of Admin\Controller\NewsController::setStatus() should be compatible with Admin\Controller\AdminController::setStatus($model = Admin\Controller\CONTROLLER_NAME, $script = false) D:\wwwroot\pf.xiangxin.me\APP\Admin\Controller\NewsController.class.php 第 12 行.
NOTIC: [8] Use of undefined constant MODEL_INSERT - assumed 'MODEL_INSERT' D:\wwwroot\pf.xiangxin.me\ThinkPHP\Common\functions.php 第 588 行.
SQL: SHOW COLUMNS FROM `ysk_admin` [ RunTime:0.0000s ]

[ 2020-04-04T22:32:53+08:00 ] 42.236.10.93 /Admin/Pubss/login.html
INFO: [ app_init ] --START--
INFO: Run Behavior\BuildLiteBehavior [ RunTime:0.000000s ]
INFO: [ app_init ] --END-- [ RunTime:0.000000s ]
INFO: [ app_begin ] --START--
INFO: Run Behavior\ReadHtmlCacheBehavior [ RunTime:0.015625s ]
INFO: Run Common\Behavior\CheckLangBehavior [ RunTime:0.000000s ]
INFO: [ app_begin ] --END-- [ RunTime:0.015625s ]
INFO: [ view_parse ] --START--
INFO: [ template_filter ] --START--
INFO: Run Behavior\ContentReplaceBehavior [ RunTime:0.000000s ]
INFO: [ template_filter ] --END-- [ RunTime:0.000000s ]
INFO: Run Behavior\ParseTemplateBehavior [ RunTime:0.000000s ]
INFO: [ view_parse ] --END-- [ RunTime:0.000000s ]
INFO: [ view_filter ] --START--
INFO: Run Behavior\WriteHtmlCacheBehavior [ RunTime:0.000000s ]
INFO: [ view_filter ] --END-- [ RunTime:0.000000s ]
INFO: [ app_end ] --START--
INFO: Run Behavior\ShowPageTraceBehavior [ RunTime:0.000000s ]
INFO: [ app_end ] --END-- [ RunTime:0.000000s ]

[ 2020-04-04T22:32:53+08:00 ] 42.236.10.125 /Admin/News/index.html
INFO: [ app_init ] --START--
INFO: Run Behavior\BuildLiteBehavior [ RunTime:0.000000s ]
INFO: [ app_init ] --END-- [ RunTime:0.000000s ]
INFO: [ app_begin ] --START--
INFO: Run Behavior\ReadHtmlCacheBehavior [ RunTime:0.000000s ]
INFO: Run Common\Behavior\CheckLangBehavior [ RunTime:0.000000s ]
INFO: [ app_begin ] --END-- [ RunTime:0.000000s ]
NOTIC: [2048] Declaration of Admin\Controller\NewsController::setStatus() should be compatible with Admin\Controller\AdminController::setStatus($model = Admin\Controller\CONTROLLER_NAME, $script = false) D:\wwwroot\pf.xiangxin.me\APP\Admin\Controller\NewsController.class.php 第 12 行.
NOTIC: [8] Use of undefined constant MODEL_INSERT - assumed 'MODEL_INSERT' D:\wwwroot\pf.xiangxin.me\ThinkPHP\Common\functions.php 第 588 行.
SQL: SHOW COLUMNS FROM `ysk_admin` [ RunTime:0.0156s ]

[ 2020-04-04T22:32:53+08:00 ] 42.236.10.125 /Admin/News/index.html
INFO: [ app_init ] --START--
INFO: Run Behavior\BuildLiteBehavior [ RunTime:0.000000s ]
INFO: [ app_init ] --END-- [ RunTime:0.000000s ]
INFO: [ app_begin ] --START--
INFO: Run Behavior\ReadHtmlCacheBehavior [ RunTime:0.000000s ]
INFO: Run Common\Behavior\CheckLangBehavior [ RunTime:0.000000s ]
INFO: [ app_begin ] --END-- [ RunTime:0.000000s ]
NOTIC: [2048] Declaration of Admin\Controller\NewsController::setStatus() should be compatible with Admin\Controller\AdminController::setStatus($model = Admin\Controller\CONTROLLER_NAME, $script = false) D:\wwwroot\pf.xiangxin.me\APP\Admin\Controller\NewsController.class.php 第 12 行.
NOTIC: [8] Use of undefined constant MODEL_INSERT - assumed 'MODEL_INSERT' D:\wwwroot\pf.xiangxin.me\ThinkPHP\Common\functions.php 第 588 行.
SQL: SHOW COLUMNS FROM `ysk_admin` [ RunTime:0.0000s ]

[ 2020-04-04T22:32:53+08:00 ] 42.236.10.125 /Admin/Pubss/login.html
INFO: [ app_init ] --START--
INFO: Run Behavior\BuildLiteBehavior [ RunTime:0.000000s ]
INFO: [ app_init ] --END-- [ RunTime:0.000000s ]
INFO: [ app_begin ] --START--
INFO: Run Behavior\ReadHtmlCacheBehavior [ RunTime:0.000000s ]
INFO: Run Common\Behavior\CheckLangBehavior [ RunTime:0.000000s ]
INFO: [ app_begin ] --END-- [ RunTime:0.000000s ]
INFO: [ view_parse ] --START--
INFO: [ template_filter ] --START--
INFO: Run Behavior\ContentReplaceBehavior [ RunTime:0.000000s ]
INFO: [ template_filter ] --END-- [ RunTime:0.000000s ]
INFO: Run Behavior\ParseTemplateBehavior [ RunTime:0.015625s ]
INFO: [ view_parse ] --END-- [ RunTime:0.015625s ]
INFO: [ view_filter ] --START--
INFO: Run Behavior\WriteHtmlCacheBehavior [ RunTime:0.000000s ]
INFO: [ view_filter ] --END-- [ RunTime:0.000000s ]
INFO: [ app_end ] --START--
INFO: Run Behavior\ShowPageTraceBehavior [ RunTime:0.000000s ]
INFO: [ app_end ] --END-- [ RunTime:0.000000s ]

